# JRE version: Java(TM) SE Runtime Environment (17.0.17+8) (build 17.0.17+8-LTS-360)
# Java VM: Java HotSpot(TM) 64-Bit Server VM (17.0.17+8-LTS-360, mixed mode, sharing, tiered, compressed oops, compressed class ptrs, g1 gc, windows-amd64)
GC Precious Log:
 CPUs: 4 total, 4 available
 Memory: 7834M
 Large Page Support: Disabled
 NUMA Support: Disabled
 Compressed Oops: Enabled (Zero based)
 Heap Region Size: 4M
 Heap Min Capacity: 8M
 Heap Initial Capacity: 124M
 Heap Max Capacity: 8G
 Pre-touch: Disabled
 Parallel Workers: 4
 Concurrent Workers: 1
 Concurrent Refinement Workers: 4
 Periodic GC: Disabled
Heap:
 garbage-first heap   total 589824K, used 442285K [0x0000000600000000, 0x0000000800000000)
  region size 4096K, 48 young (196608K), 6 survivors (24576K)
 Metaspace       used 120766K, committed 123072K, reserved 983040K
  class space    used 16902K, committed 17984K, reserved 851968K
GC Heap History (20 events):
Event: 32.420 GC heap before
{Heap before GC invocations=43 (full 0):
 garbage-first heap   total 282624K, used 224833K [0x0000000600000000, 0x0000000800000000)
  region size 4096K, 23 young (94208K), 2 survivors (8192K)
 Metaspace       used 105402K, committed 106880K, reserved 983040K
  class space    used 14804K, committed 15488K, reserved 851968K
}
Event: 32.437 GC heap after
{Heap after GC invocations=44 (full 0):
 garbage-first heap   total 282624K, used 158817K [0x0000000600000000, 0x0000000800000000)
  region size 4096K, 3 young (12288K), 3 survivors (12288K)
 Metaspace       used 105402K, committed 106880K, reserved 983040K
  class space    used 14804K, committed 15488K, reserved 851968K
}
Event: 33.481 GC heap before
{Heap before GC invocations=45 (full 0):
 garbage-first heap   total 294912K, used 220257K [0x0000000600000000, 0x0000000800000000)
  region size 4096K, 18 young (73728K), 3 survivors (12288K)
 Metaspace       used 105797K, committed 107264K, reserved 983040K
  class space    used 14848K, committed 15552K, reserved 851968K
}
Event: 33.499 GC heap after
{Heap after GC invocations=46 (full 0):
 garbage-first heap   total 294912K, used 167237K [0x0000000600000000, 0x0000000800000000)
  region size 4096K, 2 young (8192K), 2 survivors (8192K)
 Metaspace       used 105797K, committed 107264K, reserved 983040K
  class space    used 14848K, committed 15552K, reserved 851968K
}
Event: 33.520 GC heap before
{Heap before GC invocations=46 (full 0):
 garbage-first heap   total 294912K, used 167237K [0x0000000600000000, 0x0000000800000000)
  region size 4096K, 3 young (12288K), 2 survivors (8192K)
 Metaspace       used 105797K, committed 107264K, reserved 983040K
  class space    used 14848K, committed 15552K, reserved 851968K
}
Event: 33.536 GC heap after
{Heap after GC invocations=47 (full 0):
 garbage-first heap   total 294912K, used 166511K [0x0000000600000000, 0x0000000800000000)
  region size 4096K, 1 young (4096K), 1 survivors (4096K)
 Metaspace       used 105797K, committed 107264K, reserved 983040K
  class space    used 14848K, committed 15552K, reserved 851968K
}
Event: 34.202 GC heap before
{Heap before GC invocations=47 (full 0):
 garbage-first heap   total 294912K, used 227951K [0x0000000600000000, 0x0000000800000000)
  region size 4096K, 16 young (65536K), 1 survivors (4096K)
 Metaspace       used 105827K, committed 107328K, reserved 983040K
  class space    used 14853K, committed 15552K, reserved 851968K
}
Event: 34.216 GC heap after
{Heap after GC invocations=48 (full 0):
 garbage-first heap   total 589824K, used 168945K [0x0000000600000000, 0x0000000800000000)
  region size 4096K, 2 young (8192K), 2 survivors (8192K)
 Metaspace       used 105827K, committed 107328K, reserved 983040K
  class space    used 14853K, committed 15552K, reserved 851968K
}
Event: 40.099 GC heap before
{Heap before GC invocations=49 (full 0):
 garbage-first heap   total 589824K, used 443377K [0x0000000600000000, 0x0000000800000000)
  region size 4096K, 69 young (282624K), 2 survivors (8192K)
 Metaspace       used 108938K, committed 110784K, reserved 983040K
  class space    used 15248K, committed 16128K, reserved 851968K
}
Event: 40.153 GC heap after
{Heap after GC invocations=50 (full 0):
 garbage-first heap   total 589824K, used 200418K [0x0000000600000000, 0x0000000800000000)
  region size 4096K, 9 young (36864K), 9 survivors (36864K)
 Metaspace       used 108938K, committed 110784K, reserved 983040K
  class space    used 15248K, committed 16128K, reserved 851968K
}
Event: 40.212 GC heap before
{Heap before GC invocations=50 (full 0):
 garbage-first heap   total 589824K, used 204514K [0x0000000600000000, 0x0000000800000000)
  region size 4096K, 10 young (40960K), 9 survivors (36864K)
 Metaspace       used 108990K, committed 110848K, reserved 983040K
  class space    used 15258K, committed 16128K, reserved 851968K
}
Event: 40.269 GC heap after
{Heap after GC invocations=51 (full 0):
 garbage-first heap   total 589824K, used 202185K [0x0000000600000000, 0x0000000800000000)
  region size 4096K, 2 young (8192K), 2 survivors (8192K)
 Metaspace       used 108990K, committed 110848K, reserved 983040K
  class space    used 15258K, committed 16128K, reserved 851968K
}
Event: 43.101 GC heap before
{Heap before GC invocations=51 (full 0):
 garbage-first heap   total 589824K, used 439753K [0x0000000600000000, 0x0000000800000000)
  region size 4096K, 61 young (249856K), 2 survivors (8192K)
 Metaspace       used 109312K, committed 111232K, reserved 983040K
  class space    used 15309K, committed 16192K, reserved 851968K
}
Event: 43.129 GC heap after
{Heap after GC invocations=52 (full 0):
 garbage-first heap   total 589824K, used 217387K [0x0000000600000000, 0x0000000800000000)
  region size 4096K, 5 young (20480K), 5 survivors (20480K)
 Metaspace       used 109312K, committed 111232K, reserved 983040K
  class space    used 15309K, committed 16192K, reserved 851968K
}
Event: 47.024 GC heap before
{Heap before GC invocations=52 (full 0):
 garbage-first heap   total 589824K, used 450859K [0x0000000600000000, 0x0000000800000000)
  region size 4096K, 63 young (258048K), 5 survivors (20480K)
 Metaspace       used 111344K, committed 113536K, reserved 983040K
  class space    used 15657K, committed 16704K, reserved 851968K
}
Event: 47.118 GC heap after
{Heap after GC invocations=53 (full 0):
 garbage-first heap   total 589824K, used 238207K [0x0000000600000000, 0x0000000800000000)
  region size 4096K, 6 young (24576K), 6 survivors (24576K)
 Metaspace       used 111344K, committed 113536K, reserved 983040K
  class space    used 15657K, committed 16704K, reserved 851968K
}
Event: 49.787 GC heap before
{Heap before GC invocations=53 (full 0):
 garbage-first heap   total 589824K, used 459391K [0x0000000600000000, 0x0000000800000000)
  region size 4096K, 61 young (249856K), 6 survivors (24576K)
 Metaspace       used 111728K, committed 113984K, reserved 983040K
  class space    used 15713K, committed 16768K, reserved 851968K
}
Event: 49.850 GC heap after
{Heap after GC invocations=54 (full 0):
 garbage-first heap   total 589824K, used 254196K [0x0000000600000000, 0x0000000800000000)
  region size 4096K, 5 young (20480K), 5 survivors (20480K)
 Metaspace       used 111728K, committed 113984K, reserved 983040K
  class space    used 15713K, committed 16768K, reserved 851968K
}
Event: 54.199 GC heap before
{Heap before GC invocations=54 (full 0):
 garbage-first heap   total 589824K, used 463092K [0x0000000600000000, 0x0000000800000000)
  region size 4096K, 57 young (233472K), 5 survivors (20480K)
 Metaspace       used 114038K, committed 116288K, reserved 983040K
  class space    used 16023K, committed 17088K, reserved 851968K
}
Event: 54.340 GC heap after
{Heap after GC invocations=55 (full 0):
 garbage-first heap   total 589824K, used 274349K [0x0000000600000000, 0x0000000800000000)
  region size 4096K, 6 young (24576K), 6 survivors (24576K)
 Metaspace       used 114038K, committed 116288K, reserved 983040K
  class space    used 16023K, committed 17088K, reserved 851968K
}

