# JRE version: Java(TM) SE Runtime Environment (17.0.17+8) (build 17.0.17+8-LTS-360)
# Java VM: Java HotSpot(TM) 64-Bit Server VM (17.0.17+8-LTS-360, mixed mode, sharing, tiered, compressed oops, compressed class ptrs, g1 gc, windows-amd64)
GC Precious Log:
 CPUs: 4 total, 4 available
 Memory: 7834M
 Large Page Support: Disabled
 NUMA Support: Disabled
 Compressed Oops: Enabled (Zero based)
 Heap Region Size: 4M
 Heap Min Capacity: 8M
 Heap Initial Capacity: 124M
 Heap Max Capacity: 8G
 Pre-touch: Disabled
 Parallel Workers: 4
 Concurrent Workers: 1
 Concurrent Refinement Workers: 4
 Periodic GC: Disabled
Heap:
 garbage-first heap   total 614400K, used 376575K [0x0000000600000000, 0x0000000800000000)
  region size 4096K, 37 young (151552K), 6 survivors (24576K)
 Metaspace       used 113789K, committed 115968K, reserved 983040K
  class space    used 15998K, committed 17024K, reserved 851968K
GC Heap History (20 events):
Event: 35.922 GC heap before
{Heap before GC invocations=49 (full 0):
 garbage-first heap   total 282624K, used 225170K [0x0000000600000000, 0x0000000800000000)
  region size 4096K, 25 young (102400K), 4 survivors (16384K)
 Metaspace       used 102603K, committed 103872K, reserved 983040K
  class space    used 14361K, committed 14976K, reserved 851968K
}
Event: 35.941 GC heap after
{Heap after GC invocations=50 (full 0):
 garbage-first heap   total 282624K, used 143497K [0x0000000600000000, 0x0000000800000000)
  region size 4096K, 2 young (8192K), 2 survivors (8192K)
 Metaspace       used 102603K, committed 103872K, reserved 983040K
  class space    used 14361K, committed 14976K, reserved 851968K
}
Event: 37.196 GC heap before
{Heap before GC invocations=50 (full 0):
 garbage-first heap   total 282624K, used 225417K [0x0000000600000000, 0x0000000800000000)
  region size 4096K, 23 young (94208K), 2 survivors (8192K)
 Metaspace       used 105510K, committed 107008K, reserved 983040K
  class space    used 14825K, committed 15552K, reserved 851968K
}
Event: 37.213 GC heap after
{Heap after GC invocations=51 (full 0):
 garbage-first heap   total 282624K, used 160031K [0x0000000600000000, 0x0000000800000000)
  region size 4096K, 3 young (12288K), 3 survivors (12288K)
 Metaspace       used 105510K, committed 107008K, reserved 983040K
  class space    used 14825K, committed 15552K, reserved 851968K
}
Event: 38.080 GC heap before
{Heap before GC invocations=52 (full 0):
 garbage-first heap   total 307200K, used 217375K [0x0000000600000000, 0x0000000800000000)
  region size 4096K, 18 young (73728K), 3 survivors (12288K)
 Metaspace       used 105769K, committed 107264K, reserved 983040K
  class space    used 14853K, committed 15552K, reserved 851968K
}
Event: 38.098 GC heap after
{Heap after GC invocations=53 (full 0):
 garbage-first heap   total 307200K, used 168037K [0x0000000600000000, 0x0000000800000000)
  region size 4096K, 2 young (8192K), 2 survivors (8192K)
 Metaspace       used 105769K, committed 107264K, reserved 983040K
  class space    used 14853K, committed 15552K, reserved 851968K
}
Event: 38.129 GC heap before
{Heap before GC invocations=53 (full 0):
 garbage-first heap   total 307200K, used 172133K [0x0000000600000000, 0x0000000800000000)
  region size 4096K, 3 young (12288K), 2 survivors (8192K)
 Metaspace       used 105769K, committed 107264K, reserved 983040K
  class space    used 14853K, committed 15552K, reserved 851968K
}
Event: 38.145 GC heap after
{Heap after GC invocations=54 (full 0):
 garbage-first heap   total 307200K, used 166870K [0x0000000600000000, 0x0000000800000000)
  region size 4096K, 1 young (4096K), 1 survivors (4096K)
 Metaspace       used 105769K, committed 107264K, reserved 983040K
  class space    used 14853K, committed 15552K, reserved 851968K
}
Event: 39.038 GC heap before
{Heap before GC invocations=54 (full 0):
 garbage-first heap   total 307200K, used 240598K [0x0000000600000000, 0x0000000800000000)
  region size 4096K, 19 young (77824K), 1 survivors (4096K)
 Metaspace       used 106258K, committed 107904K, reserved 983040K
  class space    used 14929K, committed 15680K, reserved 851968K
}
Event: 39.051 GC heap after
{Heap after GC invocations=55 (full 0):
 garbage-first heap   total 614400K, used 174039K [0x0000000600000000, 0x0000000800000000)
  region size 4096K, 3 young (12288K), 3 survivors (12288K)
 Metaspace       used 106258K, committed 107904K, reserved 983040K
  class space    used 14929K, committed 15680K, reserved 851968K
}
Event: 43.798 GC heap before
{Heap before GC invocations=56 (full 0):
 garbage-first heap   total 614400K, used 468951K [0x0000000600000000, 0x0000000800000000)
  region size 4096K, 75 young (307200K), 3 survivors (12288K)
 Metaspace       used 109107K, committed 110912K, reserved 983040K
  class space    used 15288K, committed 16128K, reserved 851968K
}
Event: 43.843 GC heap after
{Heap after GC invocations=57 (full 0):
 garbage-first heap   total 614400K, used 205806K [0x0000000600000000, 0x0000000800000000)
  region size 4096K, 10 young (40960K), 10 survivors (40960K)
 Metaspace       used 109107K, committed 110912K, reserved 983040K
  class space    used 15288K, committed 16128K, reserved 851968K
}
Event: 43.881 GC heap before
{Heap before GC invocations=57 (full 0):
 garbage-first heap   total 614400K, used 205806K [0x0000000600000000, 0x0000000800000000)
  region size 4096K, 11 young (45056K), 10 survivors (40960K)
 Metaspace       used 109107K, committed 110912K, reserved 983040K
  class space    used 15288K, committed 16128K, reserved 851968K
}
Event: 43.927 GC heap after
{Heap after GC invocations=58 (full 0):
 garbage-first heap   total 614400K, used 207946K [0x0000000600000000, 0x0000000800000000)
  region size 4096K, 2 young (8192K), 2 survivors (8192K)
 Metaspace       used 109107K, committed 110912K, reserved 983040K
  class space    used 15288K, committed 16128K, reserved 851968K
}
Event: 46.490 GC heap before
{Heap before GC invocations=58 (full 0):
 garbage-first heap   total 614400K, used 457802K [0x0000000600000000, 0x0000000800000000)
  region size 4096K, 63 young (258048K), 2 survivors (8192K)
 Metaspace       used 109300K, committed 111168K, reserved 983040K
  class space    used 15314K, committed 16192K, reserved 851968K
}
Event: 46.509 GC heap after
{Heap after GC invocations=59 (full 0):
 garbage-first heap   total 614400K, used 219616K [0x0000000600000000, 0x0000000800000000)
  region size 4096K, 5 young (20480K), 5 survivors (20480K)
 Metaspace       used 109300K, committed 111168K, reserved 983040K
  class space    used 15314K, committed 16192K, reserved 851968K
}
Event: 51.087 GC heap before
{Heap before GC invocations=59 (full 0):
 garbage-first heap   total 614400K, used 469472K [0x0000000600000000, 0x0000000800000000)
  region size 4096K, 66 young (270336K), 5 survivors (20480K)
 Metaspace       used 111350K, committed 113536K, reserved 983040K
  class space    used 15664K, committed 16704K, reserved 851968K
}
Event: 51.125 GC heap after
{Heap after GC invocations=60 (full 0):
 garbage-first heap   total 614400K, used 239288K [0x0000000600000000, 0x0000000800000000)
  region size 4096K, 9 young (36864K), 9 survivors (36864K)
 Metaspace       used 111350K, committed 113536K, reserved 983040K
  class space    used 15664K, committed 16704K, reserved 851968K
}
Event: 53.637 GC heap before
{Heap before GC invocations=60 (full 0):
 garbage-first heap   total 614400K, used 472760K [0x0000000600000000, 0x0000000800000000)
  region size 4096K, 67 young (274432K), 9 survivors (36864K)
 Metaspace       used 111799K, committed 113984K, reserved 983040K
  class space    used 15724K, committed 16768K, reserved 851968K
}
Event: 53.695 GC heap after
{Heap after GC invocations=61 (full 0):
 garbage-first heap   total 614400K, used 257791K [0x0000000600000000, 0x0000000800000000)
  region size 4096K, 6 young (24576K), 6 survivors (24576K)
 Metaspace       used 111799K, committed 113984K, reserved 983040K
  class space    used 15724K, committed 16768K, reserved 851968K
}

