# JRE version: Java(TM) SE Runtime Environment (17.0.17+8) (build 17.0.17+8-LTS-360)
# Java VM: Java HotSpot(TM) 64-Bit Server VM (17.0.17+8-LTS-360, mixed mode, sharing, tiered, compressed oops, compressed class ptrs, g1 gc, windows-amd64)
GC Precious Log:
 CPUs: 4 total, 4 available
 Memory: 7834M
 Large Page Support: Disabled
 NUMA Support: Disabled
 Compressed Oops: Enabled (Zero based)
 Heap Region Size: 4M
 Heap Min Capacity: 8M
 Heap Initial Capacity: 124M
 Heap Max Capacity: 8G
 Pre-touch: Disabled
 Parallel Workers: 4
 Concurrent Workers: 1
 Concurrent Refinement Workers: 4
 Periodic GC: Disabled
Heap:
 garbage-first heap   total 409600K, used 268545K [0x0000000600000000, 0x0000000800000000)
  region size 4096K, 2 young (8192K), 2 survivors (8192K)
 Metaspace       used 118926K, committed 121280K, reserved 983040K
  class space    used 16584K, committed 17664K, reserved 851968K
GC Heap History (20 events):
Event: 97.889 GC heap after
{Heap after GC invocations=75 (full 0):
 garbage-first heap   total 339968K, used 208224K [0x0000000600000000, 0x0000000800000000)
  region size 4096K, 2 young (8192K), 2 survivors (8192K)
 Metaspace       used 114422K, committed 116288K, reserved 983040K
  class space    used 15926K, committed 16832K, reserved 851968K
}
Event: 105.550 GC heap before
{Heap before GC invocations=75 (full 0):
 garbage-first heap   total 339968K, used 273760K [0x0000000600000000, 0x0000000800000000)
  region size 4096K, 19 young (77824K), 2 survivors (8192K)
 Metaspace       used 115093K, committed 117056K, reserved 983040K
  class space    used 16030K, committed 16960K, reserved 851968K
}
Event: 105.714 GC heap after
{Heap after GC invocations=76 (full 0):
 garbage-first heap   total 339968K, used 217197K [0x0000000600000000, 0x0000000800000000)
  region size 4096K, 3 young (12288K), 3 survivors (12288K)
 Metaspace       used 115093K, committed 117056K, reserved 983040K
  class space    used 16030K, committed 16960K, reserved 851968K
}
Event: 109.865 GC heap before
{Heap before GC invocations=76 (full 0):
 garbage-first heap   total 339968K, used 274541K [0x0000000600000000, 0x0000000800000000)
  region size 4096K, 17 young (69632K), 3 survivors (12288K)
 Metaspace       used 116755K, committed 118784K, reserved 983040K
  class space    used 16219K, committed 17152K, reserved 851968K
}
Event: 109.893 GC heap after
{Heap after GC invocations=77 (full 0):
 garbage-first heap   total 339968K, used 225643K [0x0000000600000000, 0x0000000800000000)
  region size 4096K, 3 young (12288K), 3 survivors (12288K)
 Metaspace       used 116755K, committed 118784K, reserved 983040K
  class space    used 16219K, committed 17152K, reserved 851968K
}
Event: 110.628 GC heap before
{Heap before GC invocations=77 (full 0):
 garbage-first heap   total 339968K, used 270699K [0x0000000600000000, 0x0000000800000000)
  region size 4096K, 15 young (61440K), 3 survivors (12288K)
 Metaspace       used 116765K, committed 118784K, reserved 983040K
  class space    used 16219K, committed 17152K, reserved 851968K
}
Event: 110.651 GC heap after
{Heap after GC invocations=78 (full 0):
 garbage-first heap   total 339968K, used 231187K [0x0000000600000000, 0x0000000800000000)
  region size 4096K, 2 young (8192K), 2 survivors (8192K)
 Metaspace       used 116765K, committed 118784K, reserved 983040K
  class space    used 16219K, committed 17152K, reserved 851968K
}
Event: 111.022 GC heap before
{Heap before GC invocations=78 (full 0):
 garbage-first heap   total 339968K, used 276243K [0x0000000600000000, 0x0000000800000000)
  region size 4096K, 13 young (53248K), 2 survivors (8192K)
 Metaspace       used 116765K, committed 118784K, reserved 983040K
  class space    used 16219K, committed 17152K, reserved 851968K
}
Event: 111.034 GC heap after
{Heap after GC invocations=79 (full 0):
 garbage-first heap   total 339968K, used 231747K [0x0000000600000000, 0x0000000800000000)
  region size 4096K, 1 young (4096K), 1 survivors (4096K)
 Metaspace       used 116765K, committed 118784K, reserved 983040K
  class space    used 16219K, committed 17152K, reserved 851968K
}
Event: 111.616 GC heap before
{Heap before GC invocations=79 (full 0):
 garbage-first heap   total 339968K, used 276803K [0x0000000600000000, 0x0000000800000000)
  region size 4096K, 13 young (53248K), 1 survivors (4096K)
 Metaspace       used 116847K, committed 118912K, reserved 983040K
  class space    used 16230K, committed 17152K, reserved 851968K
}
Event: 111.626 GC heap after
{Heap after GC invocations=80 (full 0):
 garbage-first heap   total 409600K, used 235517K [0x0000000600000000, 0x0000000800000000)
  region size 4096K, 2 young (8192K), 2 survivors (8192K)
 Metaspace       used 116847K, committed 118912K, reserved 983040K
  class space    used 16230K, committed 17152K, reserved 851968K
}
Event: 114.495 GC heap before
{Heap before GC invocations=80 (full 0):
 garbage-first heap   total 409600K, used 329725K [0x0000000600000000, 0x0000000800000000)
  region size 4096K, 26 young (106496K), 2 survivors (8192K)
 Metaspace       used 116948K, committed 118976K, reserved 983040K
  class space    used 16244K, committed 17152K, reserved 851968K
}
Event: 114.514 GC heap after
{Heap after GC invocations=81 (full 0):
 garbage-first heap   total 409600K, used 243733K [0x0000000600000000, 0x0000000800000000)
  region size 4096K, 4 young (16384K), 4 survivors (16384K)
 Metaspace       used 116948K, committed 118976K, reserved 983040K
  class space    used 16244K, committed 17152K, reserved 851968K
}
Event: 115.434 GC heap before
{Heap before GC invocations=81 (full 0):
 garbage-first heap   total 409600K, used 329749K [0x0000000600000000, 0x0000000800000000)
  region size 4096K, 25 young (102400K), 4 survivors (16384K)
 Metaspace       used 116949K, committed 118976K, reserved 983040K
  class space    used 16244K, committed 17152K, reserved 851968K
}
Event: 115.459 GC heap after
{Heap after GC invocations=82 (full 0):
 garbage-first heap   total 409600K, used 244871K [0x0000000600000000, 0x0000000800000000)
  region size 4096K, 2 young (8192K), 2 survivors (8192K)
 Metaspace       used 116949K, committed 118976K, reserved 983040K
  class space    used 16244K, committed 17152K, reserved 851968K
}
Event: 130.403 GC heap before
{Heap before GC invocations=82 (full 0):
 garbage-first heap   total 409600K, used 330887K [0x0000000600000000, 0x0000000800000000)
  region size 4096K, 24 young (98304K), 2 survivors (8192K)
 Metaspace       used 118366K, committed 120640K, reserved 983040K
  class space    used 16512K, committed 17536K, reserved 851968K
}
Event: 131.882 GC heap after
{Heap after GC invocations=83 (full 0):
 garbage-first heap   total 409600K, used 256476K [0x0000000600000000, 0x0000000800000000)
  region size 4096K, 3 young (12288K), 3 survivors (12288K)
 Metaspace       used 118366K, committed 120640K, reserved 983040K
  class space    used 16512K, committed 17536K, reserved 851968K
}
Event: 136.451 GC heap before
{Heap before GC invocations=83 (full 0):
 garbage-first heap   total 409600K, used 297436K [0x0000000600000000, 0x0000000800000000)
  region size 4096K, 13 young (53248K), 3 survivors (12288K)
 Metaspace       used 118918K, committed 121280K, reserved 983040K
  class space    used 16584K, committed 17664K, reserved 851968K
}
Event: 136.505 GC heap after
{Heap after GC invocations=84 (full 0):
 garbage-first heap   total 409600K, used 263628K [0x0000000600000000, 0x0000000800000000)
  region size 4096K, 2 young (8192K), 2 survivors (8192K)
 Metaspace       used 118918K, committed 121280K, reserved 983040K
  class space    used 16584K, committed 17664K, reserved 851968K
}
Event: 137.760 GC heap before
{Heap before GC invocations=84 (full 0):
 garbage-first heap   total 409600K, used 316876K [0x0000000600000000, 0x0000000800000000)
  region size 4096K, 16 young (65536K), 2 survivors (8192K)
 Metaspace       used 118926K, committed 121280K, reserved 983040K
  class space    used 16584K, committed 17664K, reserved 851968K
}

