# JRE version: Java(TM) SE Runtime Environment (17.0.17+8) (build 17.0.17+8-LTS-360)
# Java VM: Java HotSpot(TM) 64-Bit Server VM (17.0.17+8-LTS-360, mixed mode, sharing, tiered, compressed oops, compressed class ptrs, g1 gc, windows-amd64)
GC Precious Log:
 CPUs: 4 total, 4 available
 Memory: 7834M
 Large Page Support: Disabled
 NUMA Support: Disabled
 Compressed Oops: Enabled (Zero based)
 Heap Region Size: 4M
 Heap Min Capacity: 8M
 Heap Initial Capacity: 124M
 Heap Max Capacity: 8G
 Pre-touch: Disabled
 Parallel Workers: 4
 Concurrent Workers: 1
 Concurrent Refinement Workers: 4
 Periodic GC: Disabled
Heap:
 garbage-first heap   total 1236992K, used 679936K [0x0000000600000000, 0x0000000800000000)
  region size 4096K, 6 young (24576K), 6 survivors (24576K)
 Metaspace       used 129896K, committed 132800K, reserved 983040K
  class space    used 17881K, committed 19264K, reserved 851968K
GC Heap History (20 events):
Event: 151.956 GC heap after
{Heap after GC invocations=69 (full 0):
 garbage-first heap   total 1236992K, used 356046K [0x0000000600000000, 0x0000000800000000)
  region size 4096K, 22 young (90112K), 22 survivors (90112K)
 Metaspace       used 125037K, committed 127680K, reserved 983040K
  class space    used 17502K, committed 18752K, reserved 851968K
}
Event: 156.575 GC heap before
{Heap before GC invocations=69 (full 0):
 garbage-first heap   total 1236992K, used 585422K [0x0000000600000000, 0x0000000800000000)
  region size 4096K, 78 young (319488K), 22 survivors (90112K)
 Metaspace       used 125979K, committed 128704K, reserved 983040K
  class space    used 17596K, committed 18880K, reserved 851968K
}
Event: 156.942 GC heap after
{Heap after GC invocations=70 (full 0):
 garbage-first heap   total 1236992K, used 402855K [0x0000000600000000, 0x0000000800000000)
  region size 4096K, 10 young (40960K), 10 survivors (40960K)
 Metaspace       used 125979K, committed 128704K, reserved 983040K
  class space    used 17596K, committed 18880K, reserved 851968K
}
Event: 164.444 GC heap before
{Heap before GC invocations=70 (full 0):
 garbage-first heap   total 1236992K, used 611751K [0x0000000600000000, 0x0000000800000000)
  region size 4096K, 61 young (249856K), 10 survivors (40960K)
 Metaspace       used 127372K, committed 130112K, reserved 983040K
  class space    used 17781K, committed 19072K, reserved 851968K
}
Event: 164.592 GC heap after
{Heap after GC invocations=71 (full 0):
 garbage-first heap   total 1236992K, used 430080K [0x0000000600000000, 0x0000000800000000)
  region size 4096K, 6 young (24576K), 6 survivors (24576K)
 Metaspace       used 127372K, committed 130112K, reserved 983040K
  class space    used 17781K, committed 19072K, reserved 851968K
}
Event: 174.116 GC heap before
{Heap before GC invocations=71 (full 0):
 garbage-first heap   total 1236992K, used 802816K [0x0000000600000000, 0x0000000800000000)
  region size 4096K, 97 young (397312K), 6 survivors (24576K)
 Metaspace       used 127983K, committed 130752K, reserved 983040K
  class space    used 17816K, committed 19136K, reserved 851968K
}
Event: 174.317 GC heap after
{Heap after GC invocations=72 (full 0):
 garbage-first heap   total 1236992K, used 473088K [0x0000000600000000, 0x0000000800000000)
  region size 4096K, 13 young (53248K), 13 survivors (53248K)
 Metaspace       used 127983K, committed 130752K, reserved 983040K
  class space    used 17816K, committed 19136K, reserved 851968K
}
Event: 174.623 GC heap before
{Heap before GC invocations=72 (full 0):
 garbage-first heap   total 1236992K, used 497664K [0x0000000600000000, 0x0000000800000000)
  region size 4096K, 19 young (77824K), 13 survivors (53248K)
 Metaspace       used 128005K, committed 130816K, reserved 983040K
  class space    used 17816K, committed 19136K, reserved 851968K
}
Event: 174.761 GC heap after
{Heap after GC invocations=73 (full 0):
 garbage-first heap   total 1236992K, used 485087K [0x0000000600000000, 0x0000000800000000)
  region size 4096K, 3 young (12288K), 3 survivors (12288K)
 Metaspace       used 128005K, committed 130816K, reserved 983040K
  class space    used 17816K, committed 19136K, reserved 851968K
}
Event: 183.343 GC heap before
{Heap before GC invocations=73 (full 0):
 garbage-first heap   total 1236992K, used 837343K [0x0000000600000000, 0x0000000800000000)
  region size 4096K, 89 young (364544K), 3 survivors (12288K)
 Metaspace       used 128463K, committed 131264K, reserved 983040K
  class space    used 17823K, committed 19136K, reserved 851968K
}
Event: 183.421 GC heap after
{Heap after GC invocations=74 (full 0):
 garbage-first heap   total 1236992K, used 538624K [0x0000000600000000, 0x0000000800000000)
  region size 4096K, 12 young (49152K), 12 survivors (49152K)
 Metaspace       used 128463K, committed 131264K, reserved 983040K
  class space    used 17823K, committed 19136K, reserved 851968K
}
Event: 187.136 GC heap before
{Heap before GC invocations=74 (full 0):
 garbage-first heap   total 1236992K, used 706560K [0x0000000600000000, 0x0000000800000000)
  region size 4096K, 53 young (217088K), 12 survivors (49152K)
 Metaspace       used 128675K, committed 131520K, reserved 983040K
  class space    used 17826K, committed 19200K, reserved 851968K
}
Event: 187.285 GC heap after
{Heap after GC invocations=75 (full 0):
 garbage-first heap   total 1236992K, used 558868K [0x0000000600000000, 0x0000000800000000)
  region size 4096K, 5 young (20480K), 5 survivors (20480K)
 Metaspace       used 128675K, committed 131520K, reserved 983040K
  class space    used 17826K, committed 19200K, reserved 851968K
}
Event: 195.296 GC heap before
{Heap before GC invocations=75 (full 0):
 garbage-first heap   total 1236992K, used 878356K [0x0000000600000000, 0x0000000800000000)
  region size 4096K, 83 young (339968K), 5 survivors (20480K)
 Metaspace       used 129084K, committed 131904K, reserved 983040K
  class space    used 17847K, committed 19200K, reserved 851968K
}
Event: 195.351 GC heap after
{Heap after GC invocations=76 (full 0):
 garbage-first heap   total 1236992K, used 576477K [0x0000000600000000, 0x0000000800000000)
  region size 4096K, 10 young (40960K), 10 survivors (40960K)
 Metaspace       used 129084K, committed 131904K, reserved 983040K
  class space    used 17847K, committed 19200K, reserved 851968K
}
Event: 201.743 GC heap before
{Heap before GC invocations=76 (full 0):
 garbage-first heap   total 1236992K, used 904157K [0x0000000600000000, 0x0000000800000000)
  region size 4096K, 90 young (368640K), 10 survivors (40960K)
 Metaspace       used 129453K, committed 132352K, reserved 983040K
  class space    used 17867K, committed 19264K, reserved 851968K
}
Event: 201.887 GC heap after
{Heap after GC invocations=77 (full 0):
 garbage-first heap   total 1236992K, used 612303K [0x0000000600000000, 0x0000000800000000)
  region size 4096K, 12 young (49152K), 12 survivors (49152K)
 Metaspace       used 129453K, committed 132352K, reserved 983040K
  class space    used 17867K, committed 19264K, reserved 851968K
}
Event: 204.357 GC heap before
{Heap before GC invocations=77 (full 0):
 garbage-first heap   total 1236992K, used 845775K [0x0000000600000000, 0x0000000800000000)
  region size 4096K, 69 young (282624K), 12 survivors (49152K)
 Metaspace       used 129737K, committed 132672K, reserved 983040K
  class space    used 17877K, committed 19264K, reserved 851968K
}
Event: 204.567 GC heap after
{Heap after GC invocations=78 (full 0):
 garbage-first heap   total 1236992K, used 658273K [0x0000000600000000, 0x0000000800000000)
  region size 4096K, 9 young (36864K), 9 survivors (36864K)
 Metaspace       used 129737K, committed 132672K, reserved 983040K
  class space    used 17877K, committed 19264K, reserved 851968K
}
Event: 211.365 GC heap before
{Heap before GC invocations=78 (full 0):
 garbage-first heap   total 1236992K, used 953185K [0x0000000600000000, 0x0000000800000000)
  region size 4096K, 81 young (331776K), 9 survivors (36864K)
 Metaspace       used 129896K, committed 132800K, reserved 983040K
  class space    used 17881K, committed 19264K, reserved 851968K
}

